<?xml version="1.0" encoding="UTF-8"?>
<testng-results skipped="0" failed="0" ignored="0" total="4" passed="4">
  <reporter-output>
    <line>
      <![CDATA[<div "result">I navigate to the Google Homepage (PASSED : 3s)</div>]]>
    </line>
    <line>
      <![CDATA[<div "result">I enter a &quot;porsche&quot; to search (PASSED : 0s)</div>]]>
    </line>
    <line>
      <![CDATA[<div "result">I click on the search button (PASSED : 1s)</div>]]>
    </line>
    <line>
      <![CDATA[<div "result">I should be able to see the title contains the &quot;porsche&quot; (PASSED : 0s)</div>]]>
    </line>
    <line>
      <![CDATA[<div "result">I navigate to the Google Homepage (PASSED : 0s)</div>]]>
    </line>
    <line>
      <![CDATA[<div "result">I enter a &quot;Toyota&quot; to search (PASSED : 0s)</div>]]>
    </line>
    <line>
      <![CDATA[<div "result">I click on the search button (PASSED : 1s)</div>]]>
    </line>
    <line>
      <![CDATA[<div "result">I should be able to see the title contains the &quot;Toyota&quot; (PASSED : 0s)</div>]]>
    </line>
    <line>
      <![CDATA[<div "result">I navigate to the Google Homepage (PASSED : 0s)</div>]]>
    </line>
    <line>
      <![CDATA[<div "result">I enter a &quot;BMW&quot; to search (PASSED : 0s)</div>]]>
    </line>
    <line>
      <![CDATA[<div "result">I click on the search button (PASSED : 1s)</div>]]>
    </line>
    <line>
      <![CDATA[<div "result">I should be able to see the title contains the &quot;BMW&quot; (PASSED : 0s)</div>]]>
    </line>
    <line>
      <![CDATA[<div "result">I navigate to the Google Homepage (PASSED : 0s)</div>]]>
    </line>
    <line>
      <![CDATA[<div "result">I enter a &quot;Mercedes-Benz&quot; to search (PASSED : 0s)</div>]]>
    </line>
    <line>
      <![CDATA[<div "result">I click on the search button (PASSED : 1s)</div>]]>
    </line>
    <line>
      <![CDATA[<div "result">I should be able to see the title contains the &quot;Mercedes-Benz&quot; (PASSED : 0s)</div>]]>
    </line>
  </reporter-output>
  <suite name="Default suite" duration-ms="18064" started-at="2018-02-25T20:57:50Z" finished-at="2018-02-25T20:58:08Z">
    <groups>
      <group name="cucumber">
        <method signature="AbstractTestNGCucumberTests.runScenario(cucumber.api.testng.PickleEventWrapper, cucumber.api.testng.CucumberFeatureWrapper)[pri:0, instance:runnerPackage.TestRunner@7085bdee]" name="runScenario" class="cucumber.api.testng.AbstractTestNGCucumberTests"/>
      </group> <!-- cucumber -->
    </groups>
    <test name="Default test" duration-ms="18064" started-at="2018-02-25T20:57:50Z" finished-at="2018-02-25T20:58:08Z">
      <class name="runnerPackage.TestRunner">
        <test-method status="PASS" signature="setUp()[pri:0, instance:runnerPackage.TestRunner@7085bdee]" name="setUp" is-config="true" duration-ms="3290" started-at="2018-02-25T20:57:50Z" finished-at="2018-02-25T20:57:53Z">
          <reporter-output>
          </reporter-output>
        </test-method> <!-- setUp -->
        <test-method status="PASS" signature="setUpClass()[pri:0, instance:runnerPackage.TestRunner@7085bdee]" name="setUpClass" is-config="true" duration-ms="172" started-at="2018-02-25T20:57:53Z" finished-at="2018-02-25T20:57:53Z">
          <reporter-output>
          </reporter-output>
        </test-method> <!-- setUpClass -->
        <test-method status="PASS" signature="runScenario(cucumber.api.testng.PickleEventWrapper, cucumber.api.testng.CucumberFeatureWrapper)[pri:0, instance:runnerPackage.TestRunner@7085bdee]" name="runScenario" duration-ms="4639" started-at="2018-02-25T20:57:53Z" description="Runs Cucumber Scenarios" data-provider="scenarios" finished-at="2018-02-25T20:57:58Z">
          <params>
            <param index="0">
              <value>
                <![CDATA["User searches for an item on Google and checks if the title matches the keyword."]]>
              </value>
            </param>
            <param index="1">
              <value>
                <![CDATA["This is just a test feature for cucumber."]]>
              </value>
            </param>
          </params>
          <reporter-output>
            <line>
              <![CDATA[<div "result">I navigate to the Google Homepage (PASSED : 3s)</div>]]>
            </line>
            <line>
              <![CDATA[<div "result">I enter a &quot;porsche&quot; to search (PASSED : 0s)</div>]]>
            </line>
            <line>
              <![CDATA[<div "result">I click on the search button (PASSED : 1s)</div>]]>
            </line>
            <line>
              <![CDATA[<div "result">I should be able to see the title contains the &quot;porsche&quot; (PASSED : 0s)</div>]]>
            </line>
          </reporter-output>
        </test-method> <!-- runScenario -->
        <test-method status="PASS" signature="runScenario(cucumber.api.testng.PickleEventWrapper, cucumber.api.testng.CucumberFeatureWrapper)[pri:0, instance:runnerPackage.TestRunner@7085bdee]" name="runScenario" duration-ms="2856" started-at="2018-02-25T20:57:58Z" description="Runs Cucumber Scenarios" data-provider="scenarios" finished-at="2018-02-25T20:58:01Z">
          <params>
            <param index="0">
              <value>
                <![CDATA["User searches for an item on Google and checks if the title matches the keyword."]]>
              </value>
            </param>
            <param index="1">
              <value>
                <![CDATA["This is just a test feature for cucumber."]]>
              </value>
            </param>
          </params>
          <reporter-output>
            <line>
              <![CDATA[<div "result">I navigate to the Google Homepage (PASSED : 0s)</div>]]>
            </line>
            <line>
              <![CDATA[<div "result">I enter a &quot;Toyota&quot; to search (PASSED : 0s)</div>]]>
            </line>
            <line>
              <![CDATA[<div "result">I click on the search button (PASSED : 1s)</div>]]>
            </line>
            <line>
              <![CDATA[<div "result">I should be able to see the title contains the &quot;Toyota&quot; (PASSED : 0s)</div>]]>
            </line>
          </reporter-output>
        </test-method> <!-- runScenario -->
        <test-method status="PASS" signature="runScenario(cucumber.api.testng.PickleEventWrapper, cucumber.api.testng.CucumberFeatureWrapper)[pri:0, instance:runnerPackage.TestRunner@7085bdee]" name="runScenario" duration-ms="2400" started-at="2018-02-25T20:58:01Z" description="Runs Cucumber Scenarios" data-provider="scenarios" finished-at="2018-02-25T20:58:03Z">
          <params>
            <param index="0">
              <value>
                <![CDATA["User searches for an item on Google and checks if the title matches the keyword."]]>
              </value>
            </param>
            <param index="1">
              <value>
                <![CDATA["This is just a test feature for cucumber."]]>
              </value>
            </param>
          </params>
          <reporter-output>
            <line>
              <![CDATA[<div "result">I navigate to the Google Homepage (PASSED : 0s)</div>]]>
            </line>
            <line>
              <![CDATA[<div "result">I enter a &quot;BMW&quot; to search (PASSED : 0s)</div>]]>
            </line>
            <line>
              <![CDATA[<div "result">I click on the search button (PASSED : 1s)</div>]]>
            </line>
            <line>
              <![CDATA[<div "result">I should be able to see the title contains the &quot;BMW&quot; (PASSED : 0s)</div>]]>
            </line>
          </reporter-output>
        </test-method> <!-- runScenario -->
        <test-method status="PASS" signature="runScenario(cucumber.api.testng.PickleEventWrapper, cucumber.api.testng.CucumberFeatureWrapper)[pri:0, instance:runnerPackage.TestRunner@7085bdee]" name="runScenario" duration-ms="2345" started-at="2018-02-25T20:58:03Z" description="Runs Cucumber Scenarios" data-provider="scenarios" finished-at="2018-02-25T20:58:05Z">
          <params>
            <param index="0">
              <value>
                <![CDATA["User searches for an item on Google and checks if the title matches the keyword."]]>
              </value>
            </param>
            <param index="1">
              <value>
                <![CDATA["This is just a test feature for cucumber."]]>
              </value>
            </param>
          </params>
          <reporter-output>
            <line>
              <![CDATA[<div "result">I navigate to the Google Homepage (PASSED : 0s)</div>]]>
            </line>
            <line>
              <![CDATA[<div "result">I enter a &quot;Mercedes-Benz&quot; to search (PASSED : 0s)</div>]]>
            </line>
            <line>
              <![CDATA[<div "result">I click on the search button (PASSED : 1s)</div>]]>
            </line>
            <line>
              <![CDATA[<div "result">I should be able to see the title contains the &quot;Mercedes-Benz&quot; (PASSED : 0s)</div>]]>
            </line>
          </reporter-output>
        </test-method> <!-- runScenario -->
        <test-method status="PASS" signature="tearDownClass()[pri:0, instance:runnerPackage.TestRunner@7085bdee]" name="tearDownClass" is-config="true" duration-ms="2" started-at="2018-02-25T20:58:05Z" finished-at="2018-02-25T20:58:05Z">
          <reporter-output>
          </reporter-output>
        </test-method> <!-- tearDownClass -->
        <test-method status="PASS" signature="shutDown()[pri:0, instance:runnerPackage.TestRunner@7085bdee]" name="shutDown" is-config="true" duration-ms="2324" started-at="2018-02-25T20:58:05Z" finished-at="2018-02-25T20:58:08Z">
          <reporter-output>
          </reporter-output>
        </test-method> <!-- shutDown -->
      </class> <!-- runnerPackage.TestRunner -->
    </test> <!-- Default test -->
  </suite> <!-- Default suite -->
</testng-results>
